<?xml version='1.0' encoding='UTF-8'?>
<testsuite hostname="DESKTOP-EJBFG7B" name="hw5.CacheTester" tests="6" errors="0" failures="1" skipped="0" time="11.829" timestamp="2024-02-19T20:05:29">
          <properties>
[...]
</properties>
          <testcase classname="hw5.CacheTester" name="MockDRAM should be able to a block &amp; read it back" time="6.02">
                      
                    </testcase><testcase classname="hw5.CacheTester" name="DMCache should be able to read (miss, then hit) a block" time="1.991">
                      
                    </testcase><testcase classname="hw5.CacheTester" name="DMCache should be able to write miss then read hit a block" time="0.722">
                      
                    </testcase><testcase classname="hw5.CacheTester" name="DMCache should load in a block" time="0.839">
                      
                    </testcase><testcase classname="hw5.CacheTester" name="DMCache should be able to write to all words and then read all in cache" time="1.523">
                      <failure message="io_hit=true (1, 0x1) did not equal expected=false (0, 0x0) (lines in CacheTester.scala: 72, 124, 123, 122)" type="org.scalatest.exceptions.TestFailedException">org.scalatest.exceptions.TestFailedException: io_hit=true (1, 0x1) did not equal expected=false (0, 0x0) (lines in CacheTester.scala: 72, 124, 123, 122)
	at chiseltest.internal.TestEnvInterface.signalExpectFailure(TestEnvInterface.scala:60)
	at chiseltest.internal.TestEnvInterface.signalExpectFailure$(TestEnvInterface.scala:45)
	at hw5.CacheTester.signalExpectFailure(CacheTester.scala:9)
	at chiseltest.package$Utils$.expectFailed(package.scala:531)
	at chiseltest.package$Utils$.expectBits(package.scala:522)
	at chiseltest.package$testableBool.expectInternal(package.scala:28)
	at chiseltest.package$testableBool.expect(package.scala:30)
	at hw5.CacheTester.performWriteTest(CacheTester.scala:72)
	at hw5.CacheTester.$anonfun$new$19(CacheTester.scala:124)
	at scala.collection.immutable.Range.foreach$mVc$sp(Range.scala:190)
	at hw5.CacheTester.$anonfun$new$18(CacheTester.scala:123)
	at hw5.CacheTester.$anonfun$new$18$adapted(CacheTester.scala:122)
	at chiseltest.internal.GenericBackend.$anonfun$run$1(GenericBackend.scala:170)
	at chiseltest.internal.ThreadedBackend$TesterThread$$anon$1.$anonfun$run$1(ThreadedBackend.scala:495)
	at chiseltest.internal.GenericBackend.doTimescope(GenericBackend.scala:104)
	at chiseltest.internal.ThreadedBackend$TesterThread$$anon$1.run(ThreadedBackend.scala:495)
	at java.base/java.lang.Thread.run(Thread.java:842)
Caused by: chiseltest.internal.FailedExpectException: io_hit=true (1, 0x1) did not equal expected=false (0, 0x0) (lines in CacheTester.scala: 72, 124, 123, 122)
	... 17 more
</failure>
                    </testcase><testcase classname="hw5.CacheTester" name="DMCache should handle thrashing 0 -&gt; 32 -&gt; 0" time="0.734">
                      
                    </testcase>
          <system-out><![CDATA[]]></system-out>
          <system-err><![CDATA[]]></system-err>
        </testsuite>